<?xml version="1.0" encoding="UTF-8"?>
<!-- Generated by org.testng.reporters.JUnitReportReporter -->
<testsuite skipped="0" hostname="LGVN13551-WIN7" name="Railway.FinalTest01" tests="1" failures="0" timestamp="09 Jul 2019 09:32:09 GMT" time="36.251" errors="0">
  <testcase name="FTTC01_User_can_filter_Manager_ticket_table_with_Depart_Date" time="36.251" classname="Railway.FinalTest01"/>
</testsuite> <!-- Railway.FinalTest01 -->
