<?xml version="1.0" encoding="UTF-8"?>
<!-- Generated by org.testng.reporters.JUnitReportReporter -->
<testsuite skipped="0" hostname="DESKTOP" name="ToolsQA.InteractionsTests" tests="1" failures="0" timestamp="23 Jul 2019 15:07:39 GMT" time="10.280" errors="0">
  <testcase name="SortableTest" time="10.280" classname="ToolsQA.InteractionsTests"/>
</testsuite> <!-- ToolsQA.InteractionsTests -->
