<?xml version="1.0" encoding="UTF-8"?>
<!-- Generated by org.testng.reporters.JUnitReportReporter -->
<testsuite skipped="0" hostname="DESKTOP" name="Railway.TempTest" tests="1" failures="0" timestamp="18 Jul 2019 14:22:45 GMT" time="5.584" errors="0">
  <testcase name="TC_DepartArrive" time="5.584" classname="Railway.TempTest"/>
</testsuite> <!-- Railway.TempTest -->
