<?xml version="1.0" encoding="UTF-8"?>
<!-- Generated by org.testng.reporters.JUnitReportReporter -->
<testsuite skipped="0" hostname="DESKTOP" name="General.sandbox" tests="1" failures="0" timestamp="26 Jun 2019 14:52:33 GMT" time="5.053" errors="0">
  <testcase name="test" time="5.053" classname="General.sandbox"/>
</testsuite> <!-- General.sandbox -->
