<?xml version="1.0" encoding="UTF-8"?>
<!-- Generated by org.testng.reporters.JUnitReportReporter -->
<testsuite skipped="0" hostname="LGVN13551-WIN7" name="Railway.Recheck" tests="1" failures="0" timestamp="09 Jul 2019 08:48:18 GMT" time="9.781" errors="0">
  <testcase name="t02" time="9.781" classname="Railway.Recheck"/>
</testsuite> <!-- Railway.Recheck -->
