<?xml version="1.0" encoding="UTF-8"?>
<!-- Generated by org.testng.reporters.JUnitReportReporter -->
<testsuite skipped="0" hostname="LGVN13551-WIN7" name="Railway.FinalTest02" tests="1" failures="0" timestamp="09 Jul 2019 09:32:09 GMT" time="15.368" errors="0">
  <testcase name="FTTC02_User_can_also_active_new_account_using_activate_code" time="15.368" classname="Railway.FinalTest02"/>
</testsuite> <!-- Railway.FinalTest02 -->
