<?xml version="1.0" encoding="UTF-8"?>
<!-- Generated by org.testng.reporters.JUnitReportReporter -->
<testsuite skipped="0" hostname="DESKTOP" name="General.GMailTests" tests="1" failures="0" timestamp="25 Jun 2019 14:29:30 GMT" time="22.333" errors="0">
  <testcase name="TC01_LoginGMailSuccessfully" time="22.333" classname="General.GMailTests"/>
</testsuite> <!-- General.GMailTests -->
